TN:
SF:src\calculator.js
FN:3,yearlyEnergyCost
FN:7,totalCost
FN:11,compareProducts
FN:21,breakEvenYear
FN:23,(anonymous_4)
FNF:5
FNH:5
FNDA:10,yearlyEnergyCost
FNDA:9,totalCost
FNDA:1,compareProducts
FNDA:1,breakEvenYear
FNDA:3,(anonymous_4)
DA:1,1
DA:4,10
DA:8,9
DA:12,1
DA:13,1
DA:15,1
DA:16,1
DA:18,1
DA:23,3
DA:25,1
DA:26,1
DA:27,2
DA:29,2
DA:30,2
DA:32,1
DA:34,0
DA:37,1
LF:17
LH:16
BRDA:15,0,0,0
BRDA:15,0,1,1
BRDA:21,1,0,0
BRDA:29,2,0,0
BRDA:29,2,1,2
BRDA:30,3,0,1
BRDA:30,3,1,1
BRDA:30,4,0,2
BRDA:30,4,1,0
BRDA:30,4,2,2
BRDA:30,4,3,2
BRF:11
BRH:7
end_of_record
