TN:
SF:src\calculator.js
FN:3,yearlyEnergyCost
FN:7,totalCost
FN:11,compareProducts
FN:21,breakEvenYear
FN:23,(anonymous_4)
FNF:5
FNH:5
FNDA:18,yearlyEnergyCost
FNDA:17,totalCost
FNDA:3,compareProducts
FNDA:2,breakEvenYear
FNDA:5,(anonymous_4)
DA:1,1
DA:4,18
DA:8,17
DA:12,3
DA:13,3
DA:15,3
DA:16,3
DA:18,3
DA:23,5
DA:25,2
DA:26,2
DA:27,3
DA:29,3
DA:30,3
DA:32,1
DA:34,0
DA:37,1
LF:17
LH:16
BRDA:15,0,0,2
BRDA:15,0,1,1
BRDA:21,1,0,0
BRDA:29,2,0,0
BRDA:29,2,1,3
BRDA:30,3,0,2
BRDA:30,3,1,1
BRDA:30,4,0,3
BRDA:30,4,1,0
BRDA:30,4,2,3
BRDA:30,4,3,3
BRF:11
BRH:8
end_of_record
TN:
SF:src\io.js
FN:1,parseLines
FN:4,(anonymous_1)
FN:5,(anonymous_2)
FNF:3
FNH:3
FNDA:2,parseLines
FNDA:8,(anonymous_1)
FNDA:8,(anonymous_2)
DA:2,2
DA:4,8
DA:5,8
DA:8,1
LF:4
LH:4
BRF:0
BRH:0
end_of_record
